<?xml version="1.0" encoding="UTF-8"?>
<testng-results skipped="0" failed="0" ignored="0" total="1" passed="1">
  <reporter-output>
  </reporter-output>
  <suite name="Default suite" duration-ms="35109" started-at="2023-10-04T17:27:49Z" finished-at="2023-10-04T17:28:25Z">
    <groups>
    </groups>
    <test name="Default test" duration-ms="35109" started-at="2023-10-04T17:27:49Z" finished-at="2023-10-04T17:28:25Z">
      <class name="org.settingstestclass.ExperienceTest">
        <test-method status="PASS" signature="beforemethod()[pri:0, instance:org.settingstestclass.ExperienceTest@7e0b0338]" name="beforemethod" is-config="true" duration-ms="22020" started-at="2023-10-04T17:27:49Z" finished-at="2023-10-04T17:28:11Z">
          <reporter-output>
          </reporter-output>
        </test-method> <!-- beforemethod -->
        <test-method status="PASS" signature="experienceedit()[pri:0, instance:org.settingstestclass.ExperienceTest@7e0b0338]" name="experienceedit" duration-ms="13075" started-at="2023-10-04T17:28:11Z" finished-at="2023-10-04T17:28:25Z">
          <reporter-output>
          </reporter-output>
        </test-method> <!-- experienceedit -->
      </class> <!-- org.settingstestclass.ExperienceTest -->
    </test> <!-- Default test -->
  </suite> <!-- Default suite -->
</testng-results>
